<?xml version="1.0" encoding="UTF-8"?>
<!-- Generated by org.testng.reporters.JUnitReportReporter -->
<testsuite skipped="0" hostname="DESKTOP-I9UE6L0" name="MavenProject.SudeepNew.RestApiTest" tests="2" failures="0" timestamp="2022-02-07T18:33:22 IST" time="0.028" errors="0">
  <testcase name="otherIssue" time="0.003" classname="MavenProject.SudeepNew.RestApiTest"/>
  <system-out/>
  <testcase name="jira" time="0.025" classname="MavenProject.SudeepNew.RestApiTest"/>
  <system-out/>
</testsuite> <!-- MavenProject.SudeepNew.RestApiTest -->
