<?xml version="1.0" encoding="UTF-8"?>
<!-- Generated by org.testng.reporters.JUnitReportReporter -->
<testsuite skipped="0" hostname="DESKTOP-I9UE6L0" name="MavenProject.SudeepNew.SeleniumTest" tests="2" failures="0" timestamp="2022-02-07T18:51:48 IST" time="0.002" errors="0">
  <testcase name="findelements" time="0.002" classname="MavenProject.SudeepNew.SeleniumTest"/>
  <system-out/>
  <testcase name="executeChrome" time="0.000" classname="MavenProject.SudeepNew.SeleniumTest"/>
  <system-out/>
</testsuite> <!-- MavenProject.SudeepNew.SeleniumTest -->
